<?xml version="1.0" encoding="UTF-8"?>
<testsuite name="Task.Types.AppTest" tests="1" skipped="0" failures="0" errors="0" timestamp="2024-12-18T02:39:12" hostname="ALEJANDRO" time="0.003">
  <properties/>
  <testcase name="testAppHasAGreeting" classname="Task.Types.AppTest" time="0.003"/>
  <system-out><![CDATA[]]></system-out>
  <system-err><![CDATA[]]></system-err>
</testsuite>
